This file contains any messages produced by compilers while
running configure, to aid debugging if configure makes a mistake.

It was created by FULL-PACKAGE-NAME configure VERSION, which was
generated by GNU Autoconf 2.69.  Invocation command line was

  $ ./configure CPPFLAGS=-I/home/wangyi/proj/cpp/third_party/musicretr-1.0/../../libs/include LDFLAGS=-L/home/wangyi/proj/cpp/third_party/musicretr-1.0/../../libs/lib --no-create --no-recursion

## --------- ##
## Platform. ##
## --------- ##

hostname = ubuntu
uname -m = x86_64
uname -r = 4.15.0-72-generic
uname -s = Linux
uname -v = #81~16.04.1-Ubuntu SMP Tue Nov 26 16:34:21 UTC 2019

/usr/bin/uname -p = unknown
/bin/uname -X     = unknown

/bin/arch              = unknown
/usr/bin/arch -k       = unknown
/usr/convex/getsysinfo = unknown
/usr/bin/hostinfo      = unknown
/bin/machine           = unknown
/usr/bin/oslevel       = unknown
/bin/universe          = unknown

PATH: /home/wangyi/tools/android-studio/sdk/ndk-bundle
PATH: /home/wangyi/tools/android-studio/sdk/tools
PATH: /home/wangyi/tools/android-studio/sdk/platform-tools
PATH: /home/wangyi/tools/android-studio/sdk/build-tools
PATH: /home/wangyi/proj/lua/lua_root/bin
PATH: /home/wangyi/.cargo/bin
PATH: /home/wangyi/bin
PATH: /home/wangyi/.local/bin
PATH: /usr/local/sbin
PATH: /usr/local/bin
PATH: /usr/sbin
PATH: /usr/bin
PATH: /sbin
PATH: /bin
PATH: /usr/games
PATH: /usr/local/games
PATH: /snap/bin
PATH: /home/wangyi/bin/tools
PATH: /home/wangyi/tools/luarocks_root/bin
PATH: /home/wangyi/tools/android-ndk-r14b
PATH: /home/wangyi/proj/cpp/libs/bin
PATH: /home/wangyi/bin
PATH: /home/wangyi/tools/nodejs/bin
PATH: /home/wangyi/proj/shell
PATH: /home/wangyi/tools/jdk/bin
PATH: /home/wangyi/proj/src/chromium/depot_tools
PATH: /data00/proj/python/pytools
PATH: /home/wangyi/tools/android_sdk/platform-tools
PATH: /home/wangyi/tools/android-studio/sdk/tools
PATH: /home/wangyi/tools/android-studio/sdk/tools/bin
PATH: /home/wangyi/tools/android_sdk/tools
PATH: /home/wangyi/tools/gradle/bin


## ----------- ##
## Core tests. ##
## ----------- ##

configure:1916: checking for a BSD-compatible install
configure:1984: result: /usr/bin/install -c
configure:1995: checking whether build environment is sane
configure:2032: result: yes
configure:2062: checking for gawk
configure:2078: found /usr/bin/gawk
configure:2089: result: gawk
configure:2100: checking whether make sets $(MAKE)
configure:2122: result: yes
configure:2346: checking for g++
configure:2362: found /usr/bin/g++
configure:2373: result: g++
configure:2400: checking for C++ compiler version
configure:2409: g++ --version >&5
g++ (Ubuntu 5.4.0-6ubuntu1~16.04.12) 5.4.0 20160609
Copyright (C) 2015 Free Software Foundation, Inc.
This is free software; see the source for copying conditions.  There is NO
warranty; not even for MERCHANTABILITY or FITNESS FOR A PARTICULAR PURPOSE.

configure:2420: $? = 0
configure:2409: g++ -v >&5
Using built-in specs.
COLLECT_GCC=g++
COLLECT_LTO_WRAPPER=/usr/lib/gcc/x86_64-linux-gnu/5/lto-wrapper
Target: x86_64-linux-gnu
Configured with: ../src/configure -v --with-pkgversion='Ubuntu 5.4.0-6ubuntu1~16.04.12' --with-bugurl=file:///usr/share/doc/gcc-5/README.Bugs --enable-languages=c,ada,c++,java,go,d,fortran,objc,obj-c++ --prefix=/usr --program-suffix=-5 --enable-shared --enable-linker-build-id --libexecdir=/usr/lib --without-included-gettext --enable-threads=posix --libdir=/usr/lib --enable-nls --with-sysroot=/ --enable-clocale=gnu --enable-libstdcxx-debug --enable-libstdcxx-time=yes --with-default-libstdcxx-abi=new --enable-gnu-unique-object --disable-vtable-verify --enable-libmpx --enable-plugin --with-system-zlib --disable-browser-plugin --enable-java-awt=gtk --enable-gtk-cairo --with-java-home=/usr/lib/jvm/java-1.5.0-gcj-5-amd64/jre --enable-java-home --with-jvm-root-dir=/usr/lib/jvm/java-1.5.0-gcj-5-amd64 --with-jvm-jar-dir=/usr/lib/jvm-exports/java-1.5.0-gcj-5-amd64 --with-arch-directory=amd64 --with-ecj-jar=/usr/share/java/eclipse-ecj.jar --enable-objc-gc --enable-multiarch --disable-werror --with-arch-32=i686 --with-abi=m64 --with-multilib-list=m32,m64,mx32 --enable-multilib --with-tune=generic --enable-checking=release --build=x86_64-linux-gnu --host=x86_64-linux-gnu --target=x86_64-linux-gnu
Thread model: posix
gcc version 5.4.0 20160609 (Ubuntu 5.4.0-6ubuntu1~16.04.12) 
configure:2420: $? = 0
configure:2409: g++ -V >&5
g++: error: unrecognized command line option '-V'
g++: fatal error: no input files
compilation terminated.
configure:2420: $? = 1
configure:2409: g++ -qversion >&5
g++: error: unrecognized command line option '-qversion'
g++: fatal error: no input files
compilation terminated.
configure:2420: $? = 1
configure:2440: checking whether the C++ compiler works
configure:2462: g++  -I/home/wangyi/proj/cpp/third_party/musicretr-1.0/../../libs/include -L/home/wangyi/proj/cpp/third_party/musicretr-1.0/../../libs/lib conftest.cpp  >&5
configure:2466: $? = 0
configure:2514: result: yes
configure:2517: checking for C++ compiler default output file name
configure:2519: result: a.out
configure:2525: checking for suffix of executables
configure:2532: g++ -o conftest  -I/home/wangyi/proj/cpp/third_party/musicretr-1.0/../../libs/include -L/home/wangyi/proj/cpp/third_party/musicretr-1.0/../../libs/lib conftest.cpp  >&5
configure:2536: $? = 0
configure:2558: result: 
configure:2580: checking whether we are cross compiling
configure:2588: g++ -o conftest  -I/home/wangyi/proj/cpp/third_party/musicretr-1.0/../../libs/include -L/home/wangyi/proj/cpp/third_party/musicretr-1.0/../../libs/lib conftest.cpp  >&5
configure:2592: $? = 0
configure:2599: ./conftest
configure:2603: $? = 0
configure:2618: result: no
configure:2623: checking for suffix of object files
configure:2645: g++ -c  -I/home/wangyi/proj/cpp/third_party/musicretr-1.0/../../libs/include conftest.cpp >&5
configure:2649: $? = 0
configure:2670: result: o
configure:2674: checking whether we are using the GNU C++ compiler
configure:2693: g++ -c  -I/home/wangyi/proj/cpp/third_party/musicretr-1.0/../../libs/include conftest.cpp >&5
configure:2693: $? = 0
configure:2702: result: yes
configure:2711: checking whether g++ accepts -g
configure:2731: g++ -c -g -I/home/wangyi/proj/cpp/third_party/musicretr-1.0/../../libs/include conftest.cpp >&5
configure:2731: $? = 0
configure:2772: result: yes
configure:2814: checking for style of include used by make
configure:2842: result: GNU
configure:2870: checking dependency style of g++
configure:2932: result: gcc3
configure:2985: checking for gcc
configure:3001: found /usr/bin/gcc
configure:3012: result: gcc
configure:3241: checking for C compiler version
configure:3250: gcc --version >&5
gcc (Ubuntu 5.4.0-6ubuntu1~16.04.12) 5.4.0 20160609
Copyright (C) 2015 Free Software Foundation, Inc.
This is free software; see the source for copying conditions.  There is NO
warranty; not even for MERCHANTABILITY or FITNESS FOR A PARTICULAR PURPOSE.

configure:3261: $? = 0
configure:3250: gcc -v >&5
Using built-in specs.
COLLECT_GCC=gcc
COLLECT_LTO_WRAPPER=/usr/lib/gcc/x86_64-linux-gnu/5/lto-wrapper
Target: x86_64-linux-gnu
Configured with: ../src/configure -v --with-pkgversion='Ubuntu 5.4.0-6ubuntu1~16.04.12' --with-bugurl=file:///usr/share/doc/gcc-5/README.Bugs --enable-languages=c,ada,c++,java,go,d,fortran,objc,obj-c++ --prefix=/usr --program-suffix=-5 --enable-shared --enable-linker-build-id --libexecdir=/usr/lib --without-included-gettext --enable-threads=posix --libdir=/usr/lib --enable-nls --with-sysroot=/ --enable-clocale=gnu --enable-libstdcxx-debug --enable-libstdcxx-time=yes --with-default-libstdcxx-abi=new --enable-gnu-unique-object --disable-vtable-verify --enable-libmpx --enable-plugin --with-system-zlib --disable-browser-plugin --enable-java-awt=gtk --enable-gtk-cairo --with-java-home=/usr/lib/jvm/java-1.5.0-gcj-5-amd64/jre --enable-java-home --with-jvm-root-dir=/usr/lib/jvm/java-1.5.0-gcj-5-amd64 --with-jvm-jar-dir=/usr/lib/jvm-exports/java-1.5.0-gcj-5-amd64 --with-arch-directory=amd64 --with-ecj-jar=/usr/share/java/eclipse-ecj.jar --enable-objc-gc --enable-multiarch --disable-werror --with-arch-32=i686 --with-abi=m64 --with-multilib-list=m32,m64,mx32 --enable-multilib --with-tune=generic --enable-checking=release --build=x86_64-linux-gnu --host=x86_64-linux-gnu --target=x86_64-linux-gnu
Thread model: posix
gcc version 5.4.0 20160609 (Ubuntu 5.4.0-6ubuntu1~16.04.12) 
configure:3261: $? = 0
configure:3250: gcc -V >&5
gcc: error: unrecognized command line option '-V'
gcc: fatal error: no input files
compilation terminated.
configure:3261: $? = 1
configure:3250: gcc -qversion >&5
gcc: error: unrecognized command line option '-qversion'
gcc: fatal error: no input files
compilation terminated.
configure:3261: $? = 1
configure:3265: checking whether we are using the GNU C compiler
configure:3284: gcc -c  -I/home/wangyi/proj/cpp/third_party/musicretr-1.0/../../libs/include conftest.c >&5
configure:3284: $? = 0
configure:3293: result: yes
configure:3302: checking whether gcc accepts -g
configure:3322: gcc -c -g -I/home/wangyi/proj/cpp/third_party/musicretr-1.0/../../libs/include conftest.c >&5
configure:3322: $? = 0
configure:3363: result: yes
configure:3380: checking for gcc option to accept ISO C89
configure:3443: gcc  -c -g -O2 -I/home/wangyi/proj/cpp/third_party/musicretr-1.0/../../libs/include conftest.c >&5
configure:3443: $? = 0
configure:3456: result: none needed
configure:3478: checking dependency style of gcc
configure:3540: result: gcc3
configure:3548: checking for fftw_execute in -lfftw3
configure:3573: gcc -o conftest -g -O2 -I/home/wangyi/proj/cpp/third_party/musicretr-1.0/../../libs/include -L/home/wangyi/proj/cpp/third_party/musicretr-1.0/../../libs/lib conftest.c -lfftw3   >&5
configure:3573: $? = 0
configure:3582: result: yes
configure:3595: checking for pthread_create in -lpthread
configure:3620: gcc -o conftest -g -O2 -I/home/wangyi/proj/cpp/third_party/musicretr-1.0/../../libs/include -L/home/wangyi/proj/cpp/third_party/musicretr-1.0/../../libs/lib conftest.c -lpthread  -lfftw3  >&5
configure:3620: $? = 0
configure:3629: result: yes
configure:3771: creating ./config.status

## ---------------- ##
## Cache variables. ##
## ---------------- ##

ac_cv_c_compiler_gnu='yes'
ac_cv_cxx_compiler_gnu='yes'
ac_cv_env_CCC_set=''
ac_cv_env_CCC_value=''
ac_cv_env_CC_set=''
ac_cv_env_CC_value=''
ac_cv_env_CFLAGS_set=''
ac_cv_env_CFLAGS_value=''
ac_cv_env_CPPFLAGS_set='set'
ac_cv_env_CPPFLAGS_value='-I/home/wangyi/proj/cpp/third_party/musicretr-1.0/../../libs/include'
ac_cv_env_CXXFLAGS_set=''
ac_cv_env_CXXFLAGS_value=''
ac_cv_env_CXX_set=''
ac_cv_env_CXX_value=''
ac_cv_env_LDFLAGS_set='set'
ac_cv_env_LDFLAGS_value='-L/home/wangyi/proj/cpp/third_party/musicretr-1.0/../../libs/lib'
ac_cv_env_LIBS_set=''
ac_cv_env_LIBS_value=''
ac_cv_env_build_alias_set=''
ac_cv_env_build_alias_value=''
ac_cv_env_host_alias_set=''
ac_cv_env_host_alias_value=''
ac_cv_env_target_alias_set=''
ac_cv_env_target_alias_value=''
ac_cv_lib_fftw3_fftw_execute='yes'
ac_cv_lib_pthread_pthread_create='yes'
ac_cv_objext='o'
ac_cv_path_install='/usr/bin/install -c'
ac_cv_prog_AWK='gawk'
ac_cv_prog_ac_ct_CC='gcc'
ac_cv_prog_ac_ct_CXX='g++'
ac_cv_prog_cc_c89=''
ac_cv_prog_cc_g='yes'
ac_cv_prog_cxx_g='yes'
ac_cv_prog_make_make_set='yes'
am_cv_CC_dependencies_compiler_type='gcc3'
am_cv_CXX_dependencies_compiler_type='gcc3'

## ----------------- ##
## Output variables. ##
## ----------------- ##

ACLOCAL='${SHELL} /data00/proj/cpp/cpp_root/cpp_libs/musicretr/missing --run aclocal-1.6'
AMDEPBACKSLASH='\'
AMDEP_FALSE='#'
AMDEP_TRUE=''
AMTAR='${SHELL} /data00/proj/cpp/cpp_root/cpp_libs/musicretr/missing --run tar'
AUTOCONF='${SHELL} /data00/proj/cpp/cpp_root/cpp_libs/musicretr/missing --run autoconf'
AUTOHEADER='${SHELL} /data00/proj/cpp/cpp_root/cpp_libs/musicretr/missing --run autoheader'
AUTOMAKE='${SHELL} /data00/proj/cpp/cpp_root/cpp_libs/musicretr/missing --run automake-1.6'
AWK='gawk'
CC='gcc'
CCDEPMODE='depmode=gcc3'
CFLAGS='-g -O2'
CPPFLAGS='-I/home/wangyi/proj/cpp/third_party/musicretr-1.0/../../libs/include'
CXX='g++'
CXXDEPMODE='depmode=gcc3'
CXXFLAGS='-g -O2'
DEFS='-DHAVE_CONFIG_H'
DEPDIR='.deps'
ECHO_C=''
ECHO_N='-n'
ECHO_T=''
EXEEXT=''
INSTALL_DATA='${INSTALL} -m 644'
INSTALL_PROGRAM='${INSTALL}'
INSTALL_SCRIPT='${INSTALL}'
INSTALL_STRIP_PROGRAM='${SHELL} $(install_sh) -c -s'
LDFLAGS='-L/home/wangyi/proj/cpp/third_party/musicretr-1.0/../../libs/lib'
LIBOBJS=''
LIBS='-lpthread -lfftw3 '
LTLIBOBJS=''
MAKEINFO='${SHELL} /data00/proj/cpp/cpp_root/cpp_libs/musicretr/missing --run makeinfo'
OBJEXT='o'
PACKAGE='musicretr'
PACKAGE_BUGREPORT='BUG-REPORT-ADDRESS'
PACKAGE_NAME='FULL-PACKAGE-NAME'
PACKAGE_STRING='FULL-PACKAGE-NAME VERSION'
PACKAGE_TARNAME='full-package-name'
PACKAGE_URL=''
PACKAGE_VERSION='VERSION'
PATH_SEPARATOR=':'
SET_MAKE=''
SHELL='/bin/sh'
STRIP=''
VERSION='1.0'
ac_ct_CC='gcc'
ac_ct_CXX='g++'
am__include='include'
am__quote=''
bindir='${exec_prefix}/bin'
build_alias=''
datadir='${datarootdir}'
datarootdir='${prefix}/share'
docdir='${datarootdir}/doc/${PACKAGE_TARNAME}'
dvidir='${docdir}'
exec_prefix='${prefix}'
host_alias=''
htmldir='${docdir}'
includedir='${prefix}/include'
infodir='${datarootdir}/info'
install_sh='/data00/proj/cpp/cpp_root/cpp_libs/musicretr/install-sh'
libdir='${exec_prefix}/lib'
libexecdir='${exec_prefix}/libexec'
localedir='${datarootdir}/locale'
localstatedir='${prefix}/var'
mandir='${datarootdir}/man'
oldincludedir='/usr/include'
pdfdir='${docdir}'
prefix='/usr/local'
program_transform_name='s,x,x,'
psdir='${docdir}'
runstatedir='${localstatedir}/run'
sbindir='${exec_prefix}/sbin'
sharedstatedir='${prefix}/com'
sysconfdir='${prefix}/etc'
target_alias=''

## ----------- ##
## confdefs.h. ##
## ----------- ##

/* confdefs.h */
#define PACKAGE_NAME "FULL-PACKAGE-NAME"
#define PACKAGE_TARNAME "full-package-name"
#define PACKAGE_VERSION "VERSION"
#define PACKAGE_STRING "FULL-PACKAGE-NAME VERSION"
#define PACKAGE_BUGREPORT "BUG-REPORT-ADDRESS"
#define PACKAGE_URL ""
#define PACKAGE "musicretr"
#define VERSION "1.0"
#define HAVE_LIBFFTW3 1
#define HAVE_LIBPTHREAD 1

configure: exit 0

## ---------------------- ##
## Running config.status. ##
## ---------------------- ##

This file was extended by FULL-PACKAGE-NAME config.status VERSION, which was
generated by GNU Autoconf 2.69.  Invocation command line was

  CONFIG_FILES    = 
  CONFIG_HEADERS  = 
  CONFIG_LINKS    = 
  CONFIG_COMMANDS = 
  $ ./config.status Makefile depfiles

on ubuntu

config.status:4721: creating Makefile
config.status:4827: WARNING:  'Makefile.in' seems to ignore the --datarootdir setting
config.status:4908: executing depfiles commands
